-------------------------------------------------------------------------------
Test set: com.porvenir.calculoSemanas.DemoApplicationTests
-------------------------------------------------------------------------------
Tests run: 1, Failures: 0, Errors: 1, Skipped: 0, Time elapsed: 3.038 s <<< FAILURE! - in com.porvenir.calculoSemanas.DemoApplicationTests
contextLoads  Time elapsed: 0.019 s  <<< ERROR!
java.lang.IllegalStateException: Failed to load ApplicationContext
Caused by: org.springframework.beans.factory.UnsatisfiedDependencyException: Error creating bean with name 'objectServiceImpl': Unsatisfied dependency expressed through field 'getDetallesSemanas'; nested exception is org.springframework.beans.factory.BeanCreationException: Error creating bean with name 'getDetallesSemanas': Injection of resource dependencies failed; nested exception is org.springframework.beans.factory.BeanDefinitionStoreException: Invalid bean definition with name 'jdbc/pooled/DSAPPDBPORVESRV' defined in JNDI environment: JNDI lookup failed; nested exception is javax.naming.NoInitialContextException: Need to specify class name in environment or system property, or in an application resource file: java.naming.factory.initial
Caused by: org.springframework.beans.factory.BeanCreationException: Error creating bean with name 'getDetallesSemanas': Injection of resource dependencies failed; nested exception is org.springframework.beans.factory.BeanDefinitionStoreException: Invalid bean definition with name 'jdbc/pooled/DSAPPDBPORVESRV' defined in JNDI environment: JNDI lookup failed; nested exception is javax.naming.NoInitialContextException: Need to specify class name in environment or system property, or in an application resource file: java.naming.factory.initial
Caused by: org.springframework.beans.factory.BeanDefinitionStoreException: Invalid bean definition with name 'jdbc/pooled/DSAPPDBPORVESRV' defined in JNDI environment: JNDI lookup failed; nested exception is javax.naming.NoInitialContextException: Need to specify class name in environment or system property, or in an application resource file: java.naming.factory.initial
Caused by: javax.naming.NoInitialContextException: Need to specify class name in environment or system property, or in an application resource file: java.naming.factory.initial

